<?xml version="1.0" encoding="UTF-8"?>
<testsuite xmlns:xsi="http://www.w3.org/2001/XMLSchema-instance" xsi:noNamespaceSchemaLocation="https://maven.apache.org/surefire/maven-surefire-plugin/xsd/surefire-test-report.xsd" name="TestSuite" time="147.119" tests="6" errors="0" skipped="0" failures="0">
  <properties>
[...]
</properties>
  <testcase name="googleSearchTest" classname="Pretraživanje" time="10.939"/>
  <testcase name="registration" classname="Registracija" time="15.53"/>
  <testcase name="login" classname="Login" time="16.509"/>
  <testcase name="addToCart" classname="Košarica" time="23.639"/>
  <testcase name="ShoppingCart" classname="Potvrda" time="25.24"/>
  <testcase name="Password" classname="Lozinka" time="14.356"/>
</testsuite>